<?xml version="1.0" encoding="UTF-8"?>
<!-- Generated by org.testng.reporters.JUnitReportReporter -->
<testsuite skipped="0" hostname="USER-PC" name="com.w2a.rough.TestBaseTest" tests="1" failures="0" timestamp="2021-03-01T19:57:50 IST" time="0.066" errors="0">
  <testcase name="testBaseTest" time="0.066" classname="com.w2a.rough.TestBaseTest"/>
  <system-out/>
</testsuite> <!-- com.w2a.rough.TestBaseTest -->
